[2026-02-23 22:18:28] ==================================================
[2026-02-23 22:18:28] Starting update check...
[2026-02-23 22:18:29] Git: Already up to date.
[2026-02-23 22:18:29] Building Spheres...
[2026-02-23 22:19:36] Build succeeded.
[2026-02-23 22:19:36] Installing to /Applications...
[2026-02-23 22:19:39] Installed Spheres Multiplatform.app to /Applications
[2026-02-23 22:19:39] Launched Spheres.
[2026-02-23 22:19:39] Update complete!
[2026-02-23 22:22:10] ==================================================
[2026-02-23 22:22:10] Starting update check...
[2026-02-23 22:22:11] Git: Already up to date.
[2026-02-23 22:22:11] Building Spheres...
[2026-02-23 22:23:02] Build succeeded.
[2026-02-23 22:23:02] Installing to /Applications...
[2026-02-23 22:23:04] Installed Spheres Multiplatform.app to /Applications
[2026-02-23 22:23:04] Launched Spheres.
[2026-02-23 22:23:04] Update complete!
[2026-02-23 22:24:39] ==================================================
[2026-02-23 22:24:39] Starting update check...
[2026-02-23 22:24:44] Git: Already up to date.
[2026-02-23 22:24:44] Building Spheres...
[2026-02-23 22:24:58] Build succeeded.
[2026-02-23 22:24:58] Installing to /Applications...
[2026-02-23 22:25:01] Installed Spheres Multiplatform.app to /Applications
[2026-02-23 22:25:01] Launched Spheres.
[2026-02-23 22:25:01] Update complete!
[2026-02-23 22:26:13] ==================================================
[2026-02-23 22:26:13] Starting update check...
[2026-02-23 22:26:14] Git: Already up to date.
[2026-02-23 22:26:14] Building Spheres...
[2026-02-23 22:27:08] Build succeeded.
[2026-02-23 22:27:08] Installing to /Applications...
[2026-02-23 22:27:11] Installed Spheres Multiplatform.app to /Applications
[2026-02-23 22:27:11] Launched Spheres.
[2026-02-23 22:27:11] Update complete!
[2026-02-23 22:29:33] ==================================================
[2026-02-23 22:29:33] Starting update check...
[2026-02-23 22:29:33] Git: Already up to date.
[2026-02-23 22:29:33] Building Spheres...
[2026-02-23 22:30:20] Build succeeded.
[2026-02-23 22:30:20] Installing to /Applications...
[2026-02-23 22:30:22] Installed Spheres Multiplatform.app to /Applications
[2026-02-23 22:30:22] Launched Spheres.
[2026-02-23 22:30:22] Update complete!
[2026-02-23 22:44:05] ==================================================
[2026-02-23 22:44:05] Starting update check...
[2026-02-23 22:44:07] Git: Already up to date.
[2026-02-23 22:44:07] Building Spheres...
[2026-02-23 22:44:22] Build succeeded.
[2026-02-23 22:44:22] Installing to /Applications...
[2026-02-23 22:44:24] Installed Spheres Multiplatform.app to /Applications
[2026-02-23 22:44:25] Launched Spheres.
[2026-02-23 22:44:25] Update complete!
[2026-02-23 22:47:17] ==================================================
[2026-02-23 22:47:17] Starting update check...
[2026-02-23 22:47:18] Git: Already up to date.
[2026-02-23 22:47:18] Building Spheres...
[2026-02-23 22:48:06] Build succeeded.
[2026-02-23 22:48:06] Installing to /Applications...
[2026-02-23 22:48:18] ==================================================
[2026-02-23 22:48:18] Starting update check...
[2026-02-23 22:48:18] Git: Already up to date.
[2026-02-23 22:48:18] Building Spheres...
[2026-02-23 22:48:21] Build succeeded.
[2026-02-23 22:48:21] Installing to /Applications...
[2026-02-23 22:48:21] Installed Spheres Multiplatform.app to /Applications
[2026-02-23 22:48:21] Launched Spheres.
[2026-02-23 22:48:21] Update complete!
[2026-02-23 22:51:57] ==================================================
[2026-02-23 22:51:57] Starting update check...
[2026-02-23 22:51:57] Git: Already up to date.
[2026-02-23 22:51:58] Building Spheres...
[2026-02-23 22:52:44] Build succeeded.
[2026-02-23 22:52:44] Installing to /Applications...
[2026-02-23 22:52:45] Installed Spheres Multiplatform.app to /Applications
[2026-02-23 22:52:45] Launched Spheres.
[2026-02-23 22:52:45] Update complete!
[2026-02-23 22:53:58] ==================================================
[2026-02-23 22:53:58] Starting update check...
[2026-02-23 22:53:59] Git: Already up to date.
[2026-02-23 22:53:59] Building Spheres...
[2026-02-23 22:54:03] Build succeeded.
[2026-02-23 22:54:03] Staged new build.
[2026-02-23 22:54:03] Swap script launched. App will quit, update, and relaunch.
[2026-02-23 22:54:03] Update complete!
[2026-02-23 22:55:06] ==================================================
[2026-02-23 22:55:06] Starting update check...
[2026-02-23 22:55:07] Git: Already up to date.
[2026-02-23 22:55:07] Building Spheres...
[2026-02-23 22:55:10] Build succeeded.
[2026-02-23 22:55:10] Staged new build.
[2026-02-23 22:55:10] Swap script launched. App will quit, update, and relaunch.
[2026-02-23 22:55:10] Update complete!
[2026-02-23 22:55:55] ==================================================
[2026-02-23 22:55:55] Starting update check...
[2026-02-23 22:55:55] Git: Already up to date.
[2026-02-23 22:55:55] Building Spheres...
[2026-02-23 22:56:01] Build succeeded.
[2026-02-23 22:56:01] Staged new build.
[2026-02-23 22:56:01] Swap script launched. App will quit, update, and relaunch.
[2026-02-23 22:56:01] Update complete!
[2026-02-23 22:56:26] ==================================================
[2026-02-23 22:56:26] Starting update check...
[2026-02-23 22:56:27] Git: Already up to date.
[2026-02-23 22:56:27] Building Spheres...
[2026-02-23 22:56:31] Build succeeded.
[2026-02-23 22:56:31] Staged new build.
[2026-02-23 22:56:31] Swap script launched. App will quit, update, and relaunch.
[2026-02-23 22:56:31] Update complete!
